src/app/terminal/payment/page.tsx(150,22): error TS2552: Cannot find name 'motion'. Did you mean 'Option'?
src/app/terminal/payment/page.tsx(156,23): error TS2552: Cannot find name 'motion'. Did you mean 'Option'?
src/app/terminal/payment/page.tsx(302,60): error TS2552: Cannot find name 'motion'. Did you mean 'Option'?
src/app/terminal/payment/page.tsx(302,268): error TS2552: Cannot find name 'motion'. Did you mean 'Option'?
src/app/terminal/payment/page.tsx(319,42): error TS2552: Cannot find name 'motion'. Did you mean 'Option'?
src/app/terminal/payment/page.tsx(324,43): error TS2552: Cannot find name 'motion'. Did you mean 'Option'?
